<?xml version="1.0" encoding="UTF-8"?>
<!-- Generated by org.testng.reporters.JUnitReportReporter -->
<testsuite hostname="DESKTOP-NIRH3FC" failures="0" tests="9" name="testCases.TC_PricesDDT_005" time="4.639" errors="0" timestamp="2024-11-06T02:16:09 ICT" skipped="0">
  <testcase classname="testCases.TC_PricesDDT_005" name="pricesDDT" time="0.518"/>
  <testcase classname="testCases.TC_PricesDDT_005" name="pricesDDT" time="0.496"/>
  <testcase classname="testCases.TC_PricesDDT_005" name="pricesDDT" time="0.479"/>
  <testcase classname="testCases.TC_PricesDDT_005" name="pricesDDT" time="0.565"/>
  <testcase classname="testCases.TC_PricesDDT_005" name="pricesDDT" time="0.501"/>
  <testcase classname="testCases.TC_PricesDDT_005" name="pricesDDT" time="0.534"/>
  <testcase classname="testCases.TC_PricesDDT_005" name="pricesDDT" time="0.517"/>
  <testcase classname="testCases.TC_PricesDDT_005" name="pricesDDT" time="0.481"/>
  <testcase classname="testCases.TC_PricesDDT_005" name="pricesDDT" time="0.548"/>
</testsuite> <!-- testCases.TC_PricesDDT_005 -->
