<?xml version="1.0" encoding="UTF-8"?>
<!-- Generated by org.testng.reporters.JUnitReportReporter -->
<testsuite hostname="DESKTOP-NIRH3FC" failures="0" tests="1" name="testCases.TC_Login_002" time="1.728" errors="0" timestamp="2024-11-06T02:16:09 ICT" skipped="0">
  <testcase classname="testCases.TC_Login_002" name="loginTest" time="1.728"/>
</testsuite> <!-- testCases.TC_Login_002 -->
